android/app/build/intermediates/manifest_merge_blame_file/debug/manifest-merger-blame-debug-report.txt
1<?xml version="1.0" encoding="utf-8"?>
2<manifest xmlns:android="http://schemas.android.com/apk/res/android"
3    package="com.studentapp"
4    android:versionCode="1"
5    android:versionName="1.0.0" >
6
7    <uses-sdk
8        android:minSdkVersion="21"
8-->src\main\AndroidManifest.xml
9        android:targetSdkVersion="33" />
9-->src\main\AndroidManifest.xml
10    <!-- Ensure this matches your app's package -->
11    <application
11-->src\main\AndroidManifest.xml:4:5-25:19
12        android:appComponentFactory="androidx.core.app.CoreComponentFactory"
12-->[androidx.core:core:1.7.0] AndroidManifest.xml:24:18-86
13        android:debuggable="true"
14        android:icon="@mipmap/ic_launcher"
14-->src\main\AndroidManifest.xml:6:9-43
15        android:label="@string/app_name" >
15-->src\main\AndroidManifest.xml:5:9-41
16        <meta-data
16-->src\main\AndroidManifest.xml:7:9-9:55
17            android:name="com.facebook.sdk.ApplicationId"
17-->src\main\AndroidManifest.xml:8:13-58
18            android:value="@string/facebook_app_id" />
18-->src\main\AndroidManifest.xml:9:13-52
19
20        <!-- Correct MainActivity Reference -->
21        <activity
21-->src\main\AndroidManifest.xml:12:9-22:20
22            android:name="com.studentapp.MainActivity"
22-->src\main\AndroidManifest.xml:13:13-41
23            android:configChanges="keyboard|keyboardHidden|screenLayout|screenSize|orientation|locale|layoutDirection|density|fontScale|smallestScreenSize|screenWidth|screenHeight|smallestWidth"
23-->src\main\AndroidManifest.xml:16:13-195
24            android:exported="true"
24-->src\main\AndroidManifest.xml:17:13-36
25            android:launchMode="singleTop"
25-->src\main\AndroidManifest.xml:14:13-43
26            android:theme="@style/Theme.App" >
26-->src\main\AndroidManifest.xml:15:13-45
27            <intent-filter>
27-->src\main\AndroidManifest.xml:18:13-21:29
28                <action android:name="android.intent.action.MAIN" />
28-->src\main\AndroidManifest.xml:19:17-69
28-->src\main\AndroidManifest.xml:19:25-66
29
30                <category android:name="android.intent.category.LAUNCHER" />
30-->src\main\AndroidManifest.xml:20:17-77
30-->src\main\AndroidManifest.xml:20:27-74
31            </intent-filter>
32        </activity>
33
34        <provider
34-->[androidx.emoji2:emoji2:1.0.0] AndroidManifest.xml:26:9-34:20
35            android:name="androidx.startup.InitializationProvider"
35-->[androidx.emoji2:emoji2:1.0.0] AndroidManifest.xml:27:13-67
36            android:authorities="com.studentapp.androidx-startup"
36-->[androidx.emoji2:emoji2:1.0.0] AndroidManifest.xml:28:13-68
37            android:exported="false" >
37-->[androidx.emoji2:emoji2:1.0.0] AndroidManifest.xml:29:13-37
38            <meta-data
38-->[androidx.emoji2:emoji2:1.0.0] AndroidManifest.xml:31:13-33:52
39                android:name="androidx.emoji2.text.EmojiCompatInitializer"
39-->[androidx.emoji2:emoji2:1.0.0] AndroidManifest.xml:32:17-75
40                android:value="androidx.startup" />
40-->[androidx.emoji2:emoji2:1.0.0] AndroidManifest.xml:33:17-49
41            <meta-data
41-->[androidx.lifecycle:lifecycle-process:2.4.0] AndroidManifest.xml:31:13-33:52
42                android:name="androidx.lifecycle.ProcessLifecycleInitializer"
42-->[androidx.lifecycle:lifecycle-process:2.4.0] AndroidManifest.xml:32:17-78
43                android:value="androidx.startup" />
43-->[androidx.lifecycle:lifecycle-process:2.4.0] AndroidManifest.xml:33:17-49
44        </provider>
45    </application>
46
47</manifest>